ASbulid/launcher/build/intermediates/manifest_merge_blame_file/debug/manifest-merger-blame-debug-report.txt
1<?xml version="1.0" encoding="utf-8"?>
2<manifest xmlns:android="http://schemas.android.com/apk/res/android"
3    package="com.DefaultCompany.geofenceDemo"
4    android:installLocation="preferExternal"
5    android:versionCode="1"
6    android:versionName="0.1" >
7
8    <uses-sdk
9        android:minSdkVersion="27"
9-->src\main\AndroidManifest.xml
10        android:targetSdkVersion="30" />
10-->src\main\AndroidManifest.xml
11
12    <supports-screens
12-->src\main\AndroidManifest.xml:3:3-163
13        android:anyDensity="true"
13-->src\main\AndroidManifest.xml:3:135-160
14        android:largeScreens="true"
14-->src\main\AndroidManifest.xml:3:78-105
15        android:normalScreens="true"
15-->src\main\AndroidManifest.xml:3:49-77
16        android:smallScreens="true"
16-->src\main\AndroidManifest.xml:3:21-48
17        android:xlargeScreens="true" />
17-->src\main\AndroidManifest.xml:3:106-134
18
19    <uses-permission android:name="android.permission.ACCESS_COARSE_LOCATION" />
19-->[:unityLibrary] AndroidManifest.xml:9:5-81
19-->[:unityLibrary] AndroidManifest.xml:9:22-78
20    <uses-permission android:name="android.permission.ACCESS_FINE_LOCATION" />
20-->[:unityLibrary] AndroidManifest.xml:10:5-79
20-->[:unityLibrary] AndroidManifest.xml:10:22-76
21    <uses-permission android:name="android.permission.ACCESS_BACKGROUND_LOCATION" />
21-->[:unityLibrary] AndroidManifest.xml:11:5-85
21-->[:unityLibrary] AndroidManifest.xml:11:22-82
22    <uses-permission android:name="android.permission.POST_NOTIFICATIONS" />
22-->[:unityLibrary] AndroidManifest.xml:12:5-77
22-->[:unityLibrary] AndroidManifest.xml:12:22-74
23
24    <uses-feature android:glEsVersion="0x00030000" />
24-->[:unityLibrary] AndroidManifest.xml:14:5-54
24-->[:unityLibrary] AndroidManifest.xml:14:19-51
25    <uses-feature
25-->[:unityLibrary] AndroidManifest.xml:15:5-17:36
26        android:name="android.hardware.vulkan.version"
26-->[:unityLibrary] AndroidManifest.xml:16:9-55
27        android:required="false" />
27-->[:unityLibrary] AndroidManifest.xml:17:9-33
28
29    <uses-permission android:name="android.permission.INTERNET" />
29-->[:unityLibrary] AndroidManifest.xml:19:5-67
29-->[:unityLibrary] AndroidManifest.xml:19:22-64
30
31    <uses-feature
31-->[:unityLibrary] AndroidManifest.xml:21:5-23:36
32        android:name="android.hardware.touchscreen"
32-->[:unityLibrary] AndroidManifest.xml:22:9-52
33        android:required="false" />
33-->[:unityLibrary] AndroidManifest.xml:23:9-33
34    <uses-feature
34-->[:unityLibrary] AndroidManifest.xml:24:5-26:36
35        android:name="android.hardware.touchscreen.multitouch"
35-->[:unityLibrary] AndroidManifest.xml:25:9-63
36        android:required="false" />
36-->[:unityLibrary] AndroidManifest.xml:26:9-33
37    <uses-feature
37-->[:unityLibrary] AndroidManifest.xml:27:5-29:36
38        android:name="android.hardware.touchscreen.multitouch.distinct"
38-->[:unityLibrary] AndroidManifest.xml:28:9-72
39        android:required="false" />
39-->[:unityLibrary] AndroidManifest.xml:29:9-33
40
41    <application
41-->src\main\AndroidManifest.xml:4:3-83
42        android:appComponentFactory="androidx.core.app.CoreComponentFactory"
42-->[androidx.core:core:1.2.0] AndroidManifest.xml:24:18-86
43        android:debuggable="true"
44        android:extractNativeLibs="true"
44-->[:unityLibrary] AndroidManifest.xml:31:18-50
45        android:icon="@mipmap/app_icon"
45-->src\main\AndroidManifest.xml:4:49-80
46        android:label="@string/app_name" >
46-->src\main\AndroidManifest.xml:4:16-48
47        <service
47-->[:unityLibrary] AndroidManifest.xml:32:9-35:39
48            android:name="com.unity3d.player.MyService"
48-->[:unityLibrary] AndroidManifest.xml:33:13-56
49            android:enabled="true"
49-->[:unityLibrary] AndroidManifest.xml:34:13-35
50            android:exported="true" />
50-->[:unityLibrary] AndroidManifest.xml:35:13-36
51
52        <receiver
52-->[:unityLibrary] AndroidManifest.xml:37:9-47:20
53            android:name="com.unity3d.player.MyAppWidget"
53-->[:unityLibrary] AndroidManifest.xml:38:13-58
54            android:exported="false" >
54-->[:unityLibrary] AndroidManifest.xml:39:13-37
55            <intent-filter>
55-->[:unityLibrary] AndroidManifest.xml:40:13-42:29
56                <action android:name="android.appwidget.action.APPWIDGET_UPDATE" />
56-->[:unityLibrary] AndroidManifest.xml:41:17-84
56-->[:unityLibrary] AndroidManifest.xml:41:25-81
57            </intent-filter>
58
59            <meta-data
59-->[:unityLibrary] AndroidManifest.xml:44:13-46:62
60                android:name="android.appwidget.provider"
60-->[:unityLibrary] AndroidManifest.xml:45:17-58
61                android:resource="@xml/my_app_widget_info" />
61-->[:unityLibrary] AndroidManifest.xml:46:17-59
62        </receiver>
63
64        <activity
64-->[:unityLibrary] AndroidManifest.xml:49:9-69:20
65            android:name="com.ethan.mygeofencing.myUnityActivity"
65-->[:unityLibrary] AndroidManifest.xml:50:13-66
66            android:configChanges="mcc|mnc|locale|touchscreen|keyboard|keyboardHidden|navigation|orientation|screenLayout|uiMode|screenSize|smallestScreenSize|fontScale|layoutDirection|density"
66-->[:unityLibrary] AndroidManifest.xml:51:13-194
67            android:exported="true"
67-->[:mygeofencing-release:] AndroidManifest.xml:15:13-36
68            android:hardwareAccelerated="false"
68-->[:unityLibrary] AndroidManifest.xml:52:13-48
69            android:launchMode="singleTask"
69-->[:unityLibrary] AndroidManifest.xml:53:13-44
70            android:resizeableActivity="false"
70-->[:unityLibrary] AndroidManifest.xml:54:13-47
71            android:screenOrientation="fullUser"
71-->[:unityLibrary] AndroidManifest.xml:55:13-49
72            android:theme="@style/UnityThemeSelector" >
72-->[:unityLibrary] AndroidManifest.xml:56:13-54
73            <intent-filter>
73-->[:unityLibrary] AndroidManifest.xml:57:13-61:29
74                <action android:name="android.intent.action.MAIN" />
74-->[:unityLibrary] AndroidManifest.xml:58:17-69
74-->[:unityLibrary] AndroidManifest.xml:58:25-66
75
76                <category android:name="android.intent.category.LAUNCHER" />
76-->[:unityLibrary] AndroidManifest.xml:60:17-77
76-->[:unityLibrary] AndroidManifest.xml:60:27-74
77            </intent-filter>
78
79            <meta-data
79-->[:unityLibrary] AndroidManifest.xml:63:13-65:40
80                android:name="unityplayer.UnityActivity"
80-->[:unityLibrary] AndroidManifest.xml:64:17-57
81                android:value="true" />
81-->[:unityLibrary] AndroidManifest.xml:65:17-37
82            <meta-data
82-->[:unityLibrary] AndroidManifest.xml:66:13-68:40
83                android:name="android.notch_support"
83-->[:unityLibrary] AndroidManifest.xml:67:17-53
84                android:value="true" />
84-->[:unityLibrary] AndroidManifest.xml:68:17-37
85        </activity>
86
87        <meta-data
87-->[:unityLibrary] AndroidManifest.xml:71:9-73:33
88            android:name="unity.splash-mode"
88-->[:unityLibrary] AndroidManifest.xml:72:13-45
89            android:value="0" />
89-->[:unityLibrary] AndroidManifest.xml:73:13-30
90        <meta-data
90-->[:unityLibrary] AndroidManifest.xml:74:9-76:36
91            android:name="unity.splash-enable"
91-->[:unityLibrary] AndroidManifest.xml:75:13-47
92            android:value="True" />
92-->[:unityLibrary] AndroidManifest.xml:76:13-33
93        <meta-data
93-->[:unityLibrary] AndroidManifest.xml:77:9-79:36
94            android:name="unity.launch-fullscreen"
94-->[:unityLibrary] AndroidManifest.xml:78:13-51
95            android:value="True" />
95-->[:unityLibrary] AndroidManifest.xml:79:13-33
96        <meta-data
96-->[:unityLibrary] AndroidManifest.xml:80:9-82:37
97            android:name="unity.allow-resizable-window"
97-->[:unityLibrary] AndroidManifest.xml:81:13-56
98            android:value="False" />
98-->[:unityLibrary] AndroidManifest.xml:82:13-34
99        <meta-data
99-->[:unityLibrary] AndroidManifest.xml:83:9-85:50
100            android:name="notch.config"
100-->[:unityLibrary] AndroidManifest.xml:84:13-40
101            android:value="portrait|landscape" />
101-->[:unityLibrary] AndroidManifest.xml:85:13-47
102
103        <activity
103-->[:unityLibrary] AndroidManifest.xml:87:9-89:39
104            android:name="com.unity3d.player.myUnityActivity"
104-->[:unityLibrary] AndroidManifest.xml:88:13-62
105            android:exported="true" />
105-->[:unityLibrary] AndroidManifest.xml:89:13-36
106
107        <receiver
107-->[:unityLibrary] AndroidManifest.xml:91:9-94:39
108            android:name="com.unity3d.player.GeofenceBroadcastReceiver"
108-->[:unityLibrary] AndroidManifest.xml:92:13-72
109            android:enabled="true"
109-->[:unityLibrary] AndroidManifest.xml:93:13-35
110            android:exported="true" />
110-->[:unityLibrary] AndroidManifest.xml:94:13-36
111        <receiver
111-->[:mygeofencing-release:] AndroidManifest.xml:17:9-20:39
112            android:name="com.ethan.mygeofencing.GeofenceBroadcastReceiver"
112-->[:mygeofencing-release:] AndroidManifest.xml:18:13-76
113            android:enabled="true"
113-->[:mygeofencing-release:] AndroidManifest.xml:19:13-35
114            android:exported="true" />
114-->[:mygeofencing-release:] AndroidManifest.xml:20:13-36
115
116        <activity
116-->[com.google.android.gms:play-services-base:18.1.0] AndroidManifest.xml:20:9-22:45
117            android:name="com.google.android.gms.common.api.GoogleApiActivity"
117-->[com.google.android.gms:play-services-base:18.1.0] AndroidManifest.xml:20:19-85
118            android:exported="false"
118-->[com.google.android.gms:play-services-base:18.1.0] AndroidManifest.xml:22:19-43
119            android:theme="@android:style/Theme.Translucent.NoTitleBar" />
119-->[com.google.android.gms:play-services-base:18.1.0] AndroidManifest.xml:21:19-78
120
121        <meta-data
121-->[com.google.android.gms:play-services-basement:18.1.0] AndroidManifest.xml:21:9-23:69
122            android:name="com.google.android.gms.version"
122-->[com.google.android.gms:play-services-basement:18.1.0] AndroidManifest.xml:22:13-58
123            android:value="@integer/google_play_services_version" />
123-->[com.google.android.gms:play-services-basement:18.1.0] AndroidManifest.xml:23:13-66
124    </application>
125
126</manifest>